<?xml version="1.0" encoding="UTF-8"?>
<testsuite xmlns:xsi="http://www.w3.org/2001/XMLSchema-instance" xsi:noNamespaceSchemaLocation="https://maven.apache.org/surefire/maven-surefire-plugin/xsd/surefire-test-report-3.0.xsd" version="3.0" name="com.ecommerce.config.DataInitializerTest" time="18.059" tests="1" errors="0" skipped="0" failures="0">
  <properties>
[...]
</properties>
  <testcase name="run_PopulatesInitialData" classname="com.ecommerce.config.DataInitializerTest" time="0.854">
    <system-out><![CDATA[12:47:26.369 [main] INFO org.springframework.test.context.support.AnnotationConfigContextLoaderUtils -- Could not detect default configuration classes for test class [com.ecommerce.config.DataInitializerTest]: DataInitializerTest does not declare any static, non-private, non-final, nested classes annotated with @Configuration.
12:47:26.682 [main] INFO org.springframework.boot.test.context.SpringBootTestContextBootstrapper -- Found @SpringBootConfiguration com.ecommerce.EcommerceApplication for test class com.ecommerce.config.DataInitializerTest

  .   ____          _            __ _ _
 /\\ / ___'_ __ _ _(_)_ __  __ _ \ \ \ \
( ( )\___ | '_ | '_| | '_ \/ _` | \ \ \ \
 \\/  ___)| |_)| | | | | || (_| |  ) ) ) )
  '  |____| .__|_| |_|_| |_\__, | / / / /
 =========|_|==============|___/=/_/_/_/
 :: Spring Boot ::                (v3.2.5)

2026-03-10T12:47:28.387Z  INFO 22604 --- [ecommerce-backend] [           main] c.ecommerce.config.DataInitializerTest   : Starting DataInitializerTest using Java 17.0.18 with PID 22604 (started by EL AZZAOUY RADOUANE in D:\FSTM\ILISI2\AQL\backend)
2026-03-10T12:47:28.390Z  INFO 22604 --- [ecommerce-backend] [           main] c.ecommerce.config.DataInitializerTest   : The following 1 profile is active: "test"
2026-03-10T12:47:30.880Z  INFO 22604 --- [ecommerce-backend] [           main] .s.d.r.c.RepositoryConfigurationDelegate : Bootstrapping Spring Data JPA repositories in DEFAULT mode.
2026-03-10T12:47:31.143Z  INFO 22604 --- [ecommerce-backend] [           main] .s.d.r.c.RepositoryConfigurationDelegate : Finished Spring Data repository scanning in 224 ms. Found 7 JPA repository interfaces.
2026-03-10T12:47:32.637Z  INFO 22604 --- [ecommerce-backend] [           main] o.hibernate.jpa.internal.util.LogHelper  : HHH000204: Processing PersistenceUnitInfo [name: default]
2026-03-10T12:47:32.822Z  INFO 22604 --- [ecommerce-backend] [           main] org.hibernate.Version                    : HHH000412: Hibernate ORM core version 6.4.4.Final
2026-03-10T12:47:32.974Z  INFO 22604 --- [ecommerce-backend] [           main] o.h.c.internal.RegionFactoryInitiator    : HHH000026: Second-level cache disabled
2026-03-10T12:47:33.976Z  INFO 22604 --- [ecommerce-backend] [           main] o.s.o.j.p.SpringPersistenceUnitInfo      : No LoadTimeWeaver setup: ignoring JPA class transformer
2026-03-10T12:47:34.049Z  INFO 22604 --- [ecommerce-backend] [           main] com.zaxxer.hikari.HikariDataSource       : HikariPool-1 - Starting...
2026-03-10T12:47:34.651Z  INFO 22604 --- [ecommerce-backend] [           main] com.zaxxer.hikari.pool.HikariPool        : HikariPool-1 - Added connection conn0: url=jdbc:h2:mem:testdb user=SA
2026-03-10T12:47:34.655Z  INFO 22604 --- [ecommerce-backend] [           main] com.zaxxer.hikari.HikariDataSource       : HikariPool-1 - Start completed.
2026-03-10T12:47:34.737Z  WARN 22604 --- [ecommerce-backend] [           main] org.hibernate.orm.deprecation            : HHH90000025: H2Dialect does not need to be specified explicitly using 'hibernate.dialect' (remove the property setting and it will be selected by default)
2026-03-10T12:47:37.589Z  INFO 22604 --- [ecommerce-backend] [           main] o.h.e.t.j.p.i.JtaPlatformInitiator       : HHH000489: No JTA platform available (set 'hibernate.transaction.jta.platform' to enable JTA platform integration)
2026-03-10T12:47:37.737Z  INFO 22604 --- [ecommerce-backend] [           main] j.LocalContainerEntityManagerFactoryBean : Initialized JPA EntityManagerFactory for persistence unit 'default'
2026-03-10T12:47:38.581Z  INFO 22604 --- [ecommerce-backend] [           main] o.s.d.j.r.query.QueryEnhancerFactory     : Hibernate is in classpath; If applicable, HQL parser will be used.
2026-03-10T12:47:40.499Z  WARN 22604 --- [ecommerce-backend] [           main] JpaBaseConfiguration$JpaWebConfiguration : spring.jpa.open-in-view is enabled by default. Therefore, database queries may be performed during view rendering. Explicitly configure spring.jpa.open-in-view to disable this warning
2026-03-10T12:47:42.280Z  INFO 22604 --- [ecommerce-backend] [           main] o.s.b.a.h2.H2ConsoleAutoConfiguration    : H2 console available at '/h2-console'. Database available at 'jdbc:h2:mem:testdb'
2026-03-10T12:47:42.393Z  INFO 22604 --- [ecommerce-backend] [           main] c.ecommerce.config.DataInitializerTest   : Started DataInitializerTest in 15.212 seconds (process running for 18.289)
]]></system-out>
  </testcase>
</testsuite>