TN:
SF:src\App.tsx
FN:5,App
FNF:1
FNH:1
FNDA:2,App
DA:6,2
LF:1
LH:1
BRF:0
BRH:0
end_of_record
TN:
SF:src\api\client.ts
FNF:0
FNH:0
LF:0
LH:0
BRF:0
BRH:0
end_of_record
TN:
SF:src\api\core.ts
FN:3,getToken
FN:7,apiRequest
FN:17,(anonymous_2)
FNF:3
FNH:2
FNDA:29,getToken
FNDA:29,apiRequest
FNDA:0,(anonymous_2)
DA:1,3
DA:4,29
DA:8,29
DA:9,29
DA:14,29
DA:16,29
DA:17,29
DA:19,29
DA:20,1
DA:21,1
DA:24,28
LF:11
LH:11
BRDA:7,0,0,29
BRDA:14,1,0,1
BRDA:14,1,1,28
BRDA:19,2,0,1
BRDA:19,2,1,28
BRDA:20,3,0,1
BRDA:20,3,1,1
BRDA:20,3,2,0
BRDA:21,4,0,1
BRDA:21,4,1,0
BRF:10
BRH:8
end_of_record
TN:
SF:src\api\index.ts
FNF:0
FNH:0
DA:11,3
DA:12,3
DA:13,3
DA:14,3
DA:15,3
DA:16,3
DA:17,3
LF:7
LH:7
BRF:0
BRH:0
end_of_record
TN:
SF:src\api\types.ts
FNF:0
FNH:0
LF:0
LH:0
BRF:0
BRH:0
end_of_record
TN:
SF:src\api\services\admin.service.ts
FN:6,(anonymous_0)
FN:8,(anonymous_1)
FN:9,(anonymous_2)
FN:11,(anonymous_3)
FN:13,(anonymous_4)
FN:14,(anonymous_5)
FN:18,(anonymous_6)
FN:19,(anonymous_7)
FN:21,(anonymous_8)
FN:23,(anonymous_9)
FN:26,(anonymous_10)
FN:27,(anonymous_11)
FN:28,(anonymous_12)
FNF:13
FNH:13
FNDA:1,(anonymous_0)
FNDA:1,(anonymous_1)
FNDA:1,(anonymous_2)
FNDA:1,(anonymous_3)
FNDA:1,(anonymous_4)
FNDA:1,(anonymous_5)
FNDA:1,(anonymous_6)
FNDA:1,(anonymous_7)
FNDA:1,(anonymous_8)
FNDA:1,(anonymous_9)
FNDA:1,(anonymous_10)
FNDA:1,(anonymous_11)
FNDA:1,(anonymous_12)
DA:4,3
DA:6,1
DA:8,1
DA:9,1
DA:11,1
DA:13,1
DA:14,1
DA:18,1
DA:19,1
DA:21,1
DA:23,1
DA:26,1
DA:27,1
DA:28,1
LF:14
LH:14
BRDA:6,0,0,1
BRDA:6,1,0,1
BRF:2
BRH:2
end_of_record
TN:
SF:src\api\services\auth.service.ts
FN:5,(anonymous_0)
FN:10,(anonymous_1)
FNF:2
FNH:2
FNDA:1,(anonymous_0)
FNDA:1,(anonymous_1)
DA:4,3
DA:5,1
DA:10,1
LF:3
LH:3
BRF:0
BRH:0
end_of_record
TN:
SF:src\api\services\cart.service.ts
FN:5,(anonymous_0)
FN:6,(anonymous_1)
FN:8,(anonymous_2)
FN:10,(anonymous_3)
FN:12,(anonymous_4)
FNF:5
FNH:5
FNDA:1,(anonymous_0)
FNDA:1,(anonymous_1)
FNDA:1,(anonymous_2)
FNDA:1,(anonymous_3)
FNDA:1,(anonymous_4)
DA:4,3
DA:5,1
DA:6,1
DA:8,1
DA:10,1
DA:12,1
LF:6
LH:6
BRDA:6,0,0,1
BRF:1
BRH:1
end_of_record
TN:
SF:src\api\services\catalog.service.ts
FN:5,(anonymous_0)
FN:11,(anonymous_1)
FN:15,(anonymous_2)
FNF:3
FNH:3
FNDA:1,(anonymous_0)
FNDA:1,(anonymous_1)
FNDA:1,(anonymous_2)
DA:4,3
DA:6,1
DA:7,1
DA:8,1
DA:9,1
DA:11,1
DA:14,3
DA:15,1
LF:8
LH:8
BRDA:5,0,0,1
BRDA:5,1,0,1
BRDA:7,2,0,1
BRDA:7,2,1,0
BRDA:8,3,0,1
BRDA:8,3,1,0
BRF:6
BRH:4
end_of_record
TN:
SF:src\api\services\orders.service.ts
FN:5,(anonymous_0)
FN:7,(anonymous_1)
FN:8,(anonymous_2)
FN:9,(anonymous_3)
FNF:4
FNH:4
FNDA:1,(anonymous_0)
FNDA:1,(anonymous_1)
FNDA:1,(anonymous_2)
FNDA:1,(anonymous_3)
DA:4,3
DA:5,1
DA:7,1
DA:8,1
DA:9,1
LF:5
LH:5
BRF:0
BRH:0
end_of_record
TN:
SF:src\components\AlertMessage.tsx
FN:6,AlertMessage
FNF:1
FNH:1
FNDA:6,AlertMessage
DA:7,6
LF:1
LH:1
BRF:0
BRH:0
end_of_record
TN:
SF:src\components\BackLink.tsx
FN:8,BackLink
FNF:1
FNH:1
FNDA:4,BackLink
DA:9,4
LF:1
LH:1
BRF:0
BRH:0
end_of_record
TN:
SF:src\components\EmptyState.tsx
FN:9,EmptyState
FNF:1
FNH:1
FNDA:4,EmptyState
DA:10,4
LF:1
LH:1
BRDA:12,0,0,4
BRDA:12,0,1,3
BRF:2
BRH:2
end_of_record
TN:
SF:src\components\ErrorBoundary.tsx
FN:16,(anonymous_0)
FN:20,(anonymous_1)
FN:31,(anonymous_2)
FNF:3
FNH:3
FNDA:6,(anonymous_0)
FNDA:14,(anonymous_1)
FNDA:1,(anonymous_2)
DA:14,6
DA:17,6
DA:21,14
DA:22,6
DA:23,4
DA:31,1
DA:39,8
LF:7
LH:7
BRDA:21,0,0,6
BRDA:21,0,1,8
BRDA:21,1,0,14
BRDA:21,1,1,6
BRDA:22,2,0,2
BRDA:22,2,1,4
BRF:6
BRH:6
end_of_record
TN:
SF:src\components\Layout.tsx
FN:5,Layout
FN:10,(anonymous_1)
FN:16,(anonymous_2)
FN:31,(anonymous_3)
FN:31,(anonymous_4)
FNF:5
FNH:1
FNDA:6,Layout
FNDA:0,(anonymous_1)
FNDA:0,(anonymous_2)
FNDA:0,(anonymous_3)
FNDA:0,(anonymous_4)
DA:6,6
DA:7,6
DA:8,6
DA:10,6
DA:11,0
DA:12,0
DA:13,0
DA:16,6
DA:18,6
DA:31,0
LF:10
LH:6
BRDA:32,0,0,0
BRDA:32,0,1,6
BRDA:36,1,0,0
BRDA:36,1,1,6
BRDA:44,2,0,0
BRDA:44,2,1,6
BRDA:48,3,0,0
BRDA:48,3,1,6
BRDA:50,4,0,0
BRDA:50,4,1,0
BRDA:50,4,2,0
BRDA:56,5,0,0
BRDA:56,5,1,0
BRF:13
BRH:4
end_of_record
TN:
SF:src\components\LoadingState.tsx
FN:7,LoadingState
FNF:1
FNH:1
FNDA:16,LoadingState
DA:8,16
LF:1
LH:1
BRDA:7,0,0,16
BRF:1
BRH:1
end_of_record
TN:
SF:src\components\Modal.tsx
FN:10,Modal
FN:13,(anonymous_1)
FNF:2
FNH:2
FNDA:20,Modal
FNDA:3,(anonymous_1)
DA:11,20
DA:13,13
DA:14,3
DA:15,0
DA:19,13
LF:5
LH:4
BRDA:11,0,0,7
BRDA:11,0,1,13
BRDA:14,1,0,0
BRDA:14,1,1,3
BRDA:23,2,0,13
BRDA:23,2,1,13
BRF:6
BRH:5
end_of_record
TN:
SF:src\components\OrderStatusBadge.tsx
FN:6,OrderStatusBadge
FNF:1
FNH:1
FNDA:8,OrderStatusBadge
DA:7,8
DA:9,8
DA:10,3
DA:12,5
DA:13,0
DA:15,5
LF:6
LH:5
BRDA:6,0,0,8
BRDA:7,1,0,8
BRDA:7,1,1,0
BRDA:9,2,0,3
BRDA:9,2,1,5
BRDA:12,3,0,0
BRDA:12,3,1,5
BRF:7
BRH:5
end_of_record
TN:
SF:src\components\PageContainer.tsx
FN:8,PageContainer
FNF:1
FNH:1
FNDA:45,PageContainer
DA:9,45
LF:1
LH:1
BRDA:8,0,0,45
BRF:1
BRH:1
end_of_record
TN:
SF:src\components\ProductImage.tsx
FN:12,ProductImage
FN:23,(anonymous_1)
FN:40,(anonymous_2)
FNF:3
FNH:2
FNDA:9,ProductImage
FNDA:7,(anonymous_1)
FNDA:0,(anonymous_2)
DA:20,9
DA:21,9
DA:23,9
DA:24,7
DA:27,9
DA:28,9
DA:40,0
LF:7
LH:6
BRDA:15,0,0,9
BRDA:16,1,0,9
BRDA:17,2,0,9
BRDA:27,3,0,9
BRDA:27,3,1,0
BRDA:27,4,0,9
BRDA:27,4,1,0
BRDA:34,5,0,3
BRDA:34,5,1,6
BRF:9
BRH:7
end_of_record
TN:
SF:src\components\Spinner.tsx
FN:1,Spinner
FNF:1
FNH:1
FNDA:16,Spinner
DA:2,16
LF:1
LH:1
BRDA:1,0,0,16
BRF:1
BRH:1
end_of_record
TN:
SF:src\context\AuthContext.tsx
FN:21,AuthProvider
FN:22,(anonymous_1)
FN:23,(anonymous_2)
FN:28,(anonymous_3)
FN:36,(anonymous_4)
FN:44,(anonymous_5)
FN:60,useAuth
FNF:7
FNH:7
FNDA:9,AuthProvider
FNDA:6,(anonymous_1)
FNDA:6,(anonymous_2)
FNDA:1,(anonymous_3)
FNDA:1,(anonymous_4)
FNDA:1,(anonymous_5)
FNDA:9,useAuth
DA:19,2
DA:22,9
DA:23,9
DA:24,6
DA:25,6
DA:28,9
DA:29,1
DA:30,1
DA:31,1
DA:32,1
DA:33,1
DA:36,9
DA:37,1
DA:38,1
DA:39,1
DA:40,1
DA:41,1
DA:44,9
DA:45,1
DA:46,1
DA:47,1
DA:48,1
DA:51,9
DA:53,9
DA:61,9
DA:62,9
DA:63,9
LF:27
LH:27
BRDA:25,0,0,0
BRDA:25,0,1,6
BRDA:62,1,0,0
BRDA:62,1,1,9
BRF:4
BRH:2
end_of_record
TN:
SF:src\features\admin\index.ts
FNF:0
FNH:0
LF:0
LH:0
BRF:0
BRH:0
end_of_record
TN:
SF:src\features\auth\index.ts
FNF:0
FNH:0
LF:0
LH:0
BRF:0
BRH:0
end_of_record
TN:
SF:src\features\cart\index.ts
FNF:0
FNH:0
LF:0
LH:0
BRF:0
BRH:0
end_of_record
TN:
SF:src\features\catalog\index.ts
FNF:0
FNH:0
LF:0
LH:0
BRF:0
BRH:0
end_of_record
TN:
SF:src\features\orders\index.ts
FNF:0
FNH:0
LF:0
LH:0
BRF:0
BRH:0
end_of_record
TN:
SF:src\hooks\useAsyncAction.ts
FN:3,useAsyncAction
FN:7,run
FN:7,(anonymous_2)
FNF:3
FNH:2
FNDA:42,useAsyncAction
FNDA:6,run
FNDA:0,(anonymous_2)
DA:4,42
DA:5,42
DA:7,0
DA:8,6
DA:9,6
DA:10,6
DA:11,6
DA:13,0
DA:14,0
DA:16,6
DA:20,42
LF:11
LH:8
BRDA:7,0,0,0
BRDA:7,1,0,0
BRDA:7,1,1,0
BRF:3
BRH:0
end_of_record
TN:
SF:src\hooks\useAsyncData.ts
FN:11,useAsyncData
FN:15,(anonymous_1)
FN:21,(anonymous_2)
FN:26,(anonymous_3)
FN:29,(anonymous_4)
FN:32,(anonymous_5)
FN:36,(anonymous_6)
FNF:7
FNH:7
FNDA:73,useAsyncData
FNDA:1,(anonymous_1)
FNDA:21,(anonymous_2)
FNDA:20,(anonymous_3)
FNDA:1,(anonymous_4)
FNDA:21,(anonymous_5)
FNDA:21,(anonymous_6)
DA:15,1
DA:17,73
DA:18,73
DA:19,73
DA:21,73
DA:22,21
DA:23,21
DA:24,21
DA:25,21
DA:27,20
DA:30,1
DA:33,21
DA:36,21
DA:37,21
DA:41,73
LF:15
LH:15
BRDA:15,0,0,1
BRDA:15,1,0,1
BRDA:15,1,1,0
BRDA:27,2,0,20
BRDA:27,2,1,0
BRDA:30,3,0,1
BRDA:30,3,1,0
BRDA:33,4,0,21
BRDA:33,4,1,0
BRF:9
BRH:5
end_of_record
TN:
SF:src\pages\Cart.tsx
FN:10,Cart
FN:13,(anonymous_1)
FN:18,(anonymous_2)
FN:19,(anonymous_3)
FN:23,(anonymous_4)
FN:24,(anonymous_5)
FN:70,(anonymous_6)
FN:79,(anonymous_7)
FN:89,(anonymous_8)
FNF:9
FNH:9
FNDA:10,Cart
FNDA:2,(anonymous_1)
FNDA:1,(anonymous_2)
FNDA:1,(anonymous_3)
FNDA:1,(anonymous_4)
FNDA:1,(anonymous_5)
FNDA:6,(anonymous_6)
FNDA:1,(anonymous_7)
FNDA:1,(anonymous_8)
DA:11,10
DA:13,2
DA:16,10
DA:18,10
DA:19,1
DA:20,1
DA:23,10
DA:24,1
DA:25,1
DA:28,10
DA:30,10
DA:31,2
DA:37,8
DA:38,0
DA:44,8
DA:45,2
DA:55,6
DA:71,6
DA:79,1
DA:89,1
LF:20
LH:19
BRDA:20,0,0,1
BRDA:20,0,1,0
BRDA:25,1,0,1
BRDA:25,1,1,0
BRDA:28,2,0,10
BRDA:28,2,1,10
BRDA:30,3,0,2
BRDA:30,3,1,8
BRDA:37,4,0,0
BRDA:37,4,1,8
BRDA:44,5,0,2
BRDA:44,5,1,6
BRDA:44,6,0,8
BRDA:44,6,1,8
BRDA:79,7,0,1
BRDA:79,7,1,0
BRF:16
BRH:12
end_of_record
TN:
SF:src\pages\Catalog.tsx
FN:9,Catalog
FN:16,(anonymous_1)
FN:18,(anonymous_2)
FN:22,(anonymous_3)
FN:32,(anonymous_4)
FN:44,(anonymous_5)
FN:50,(anonymous_6)
FN:55,(anonymous_7)
FN:68,(anonymous_8)
FN:90,(anonymous_9)
FN:90,(anonymous_10)
FN:100,(anonymous_11)
FN:100,(anonymous_12)
FNF:13
FNH:5
FNDA:6,Catalog
FNDA:3,(anonymous_1)
FNDA:0,(anonymous_2)
FNDA:3,(anonymous_3)
FNDA:0,(anonymous_4)
FNDA:0,(anonymous_5)
FNDA:0,(anonymous_6)
FNDA:6,(anonymous_7)
FNDA:6,(anonymous_8)
FNDA:0,(anonymous_9)
FNDA:0,(anonymous_10)
FNDA:0,(anonymous_11)
FNDA:0,(anonymous_12)
DA:10,6
DA:11,6
DA:12,6
DA:13,6
DA:14,6
DA:16,3
DA:18,0
DA:20,6
DA:23,3
DA:24,3
DA:25,3
DA:32,0
DA:35,6
DA:44,0
DA:50,0
DA:56,6
DA:69,6
DA:90,0
DA:100,0
LF:19
LH:13
BRDA:23,0,0,3
BRDA:23,0,1,3
BRDA:23,1,0,3
BRDA:23,1,1,0
BRDA:24,2,0,3
BRDA:24,2,1,0
BRDA:27,3,0,3
BRDA:27,3,1,0
BRDA:28,4,0,3
BRDA:28,4,1,0
BRDA:32,5,0,0
BRDA:32,5,1,0
BRDA:50,6,0,0
BRDA:50,6,1,0
BRDA:61,7,0,6
BRDA:61,7,1,0
BRDA:62,8,0,3
BRDA:62,8,1,3
BRDA:64,9,0,3
BRDA:64,9,1,0
BRDA:68,10,0,3
BRDA:68,10,1,0
BRDA:74,11,0,6
BRDA:74,11,1,0
BRDA:84,12,0,3
BRDA:84,12,1,0
BRF:26
BRH:13
end_of_record
TN:
SF:src\pages\Checkout.tsx
FN:9,Checkout
FN:13,(anonymous_1)
FN:19,(anonymous_2)
FN:23,(anonymous_3)
FN:25,(anonymous_4)
FN:27,(anonymous_5)
FN:51,(anonymous_6)
FNF:7
FNH:5
FNDA:4,Checkout
FNDA:2,(anonymous_1)
FNDA:0,(anonymous_2)
FNDA:1,(anonymous_3)
FNDA:1,(anonymous_4)
FNDA:1,(anonymous_5)
FNDA:0,(anonymous_6)
DA:10,4
DA:11,4
DA:14,2
DA:15,2
DA:16,2
DA:19,0
DA:21,4
DA:23,4
DA:24,1
DA:25,1
DA:26,1
DA:27,1
DA:28,1
DA:29,1
DA:30,1
DA:34,4
DA:35,2
DA:42,2
DA:51,0
LF:19
LH:17
BRDA:15,0,0,1
BRDA:15,0,1,1
BRDA:34,1,0,2
BRDA:34,1,1,2
BRDA:48,2,0,2
BRDA:48,2,1,2
BRDA:48,2,2,0
BRDA:49,3,0,0
BRDA:49,3,1,0
BRDA:60,4,0,1
BRDA:60,4,1,1
BRDA:61,5,0,1
BRDA:61,5,1,1
BRF:13
BRH:10
end_of_record
TN:
SF:src\pages\Home.tsx
FN:3,Home
FNF:1
FNH:1
FNDA:2,Home
DA:4,2
LF:1
LH:1
BRF:0
BRH:0
end_of_record
TN:
SF:src\pages\Login.tsx
FN:11,Login
FN:25,(anonymous_1)
FN:54,(anonymous_2)
FN:66,(anonymous_3)
FNF:4
FNH:4
FNDA:13,Login
FNDA:2,(anonymous_1)
FNDA:2,(anonymous_2)
FNDA:2,(anonymous_3)
DA:5,2
DA:12,13
DA:13,13
DA:14,13
DA:15,13
DA:16,13
DA:17,13
DA:18,13
DA:19,13
DA:20,13
DA:25,13
DA:26,2
DA:27,2
DA:28,2
DA:29,2
DA:30,2
DA:31,1
DA:33,1
DA:35,2
DA:39,13
DA:54,2
DA:66,2
LF:22
LH:22
BRDA:20,0,0,6
BRDA:20,0,1,7
BRDA:21,1,0,6
BRDA:21,1,1,0
BRDA:22,2,0,0
BRDA:22,2,1,0
BRDA:31,3,0,1
BRDA:31,3,1,0
BRDA:33,4,0,1
BRDA:33,4,1,0
BRDA:45,5,0,13
BRDA:45,5,1,7
BRDA:72,6,0,13
BRDA:72,6,1,1
BRDA:74,7,0,2
BRDA:74,7,1,11
BRDA:75,8,0,2
BRDA:75,8,1,11
BRF:18
BRH:13
end_of_record
TN:
SF:src\pages\MyOrders.tsx
FN:10,MyOrders
FN:13,(anonymous_1)
FN:41,(anonymous_2)
FNF:3
FNH:3
FNDA:4,MyOrders
FNDA:2,(anonymous_1)
FNDA:1,(anonymous_2)
DA:11,4
DA:13,2
DA:17,4
DA:18,2
DA:24,2
DA:25,0
DA:32,2
DA:42,1
LF:8
LH:7
BRDA:17,0,0,2
BRDA:17,0,1,2
BRDA:24,1,0,0
BRDA:24,1,1,2
BRDA:35,2,0,1
BRDA:35,2,1,1
BRF:6
BRH:5
end_of_record
TN:
SF:src\pages\OrderDetail.tsx
FN:10,OrderDetail
FN:14,(anonymous_1)
FN:66,(anonymous_2)
FNF:3
FNH:3
FNDA:4,OrderDetail
FNDA:2,(anonymous_1)
FNDA:1,(anonymous_2)
DA:11,4
DA:12,4
DA:15,2
DA:16,1
DA:18,1
DA:23,4
DA:24,2
DA:30,2
DA:31,1
DA:41,1
DA:67,1
LF:11
LH:11
BRDA:15,0,0,1
BRDA:15,0,1,1
BRDA:15,1,0,2
BRDA:15,1,1,2
BRDA:23,2,0,2
BRDA:23,2,1,2
BRDA:23,3,0,4
BRDA:23,3,1,2
BRDA:30,4,0,1
BRDA:30,4,1,1
BRDA:30,5,0,2
BRDA:30,5,1,1
BRDA:34,6,0,1
BRDA:34,6,1,0
BRF:14
BRH:13
end_of_record
TN:
SF:src\pages\ProductDetail.tsx
FN:10,ProductDetail
FN:18,(anonymous_1)
FN:27,(anonymous_2)
FN:28,(anonymous_3)
FN:31,(anonymous_4)
FN:103,(anonymous_5)
FNF:6
FNH:5
FNDA:6,ProductDetail
FNDA:2,(anonymous_1)
FNDA:1,(anonymous_2)
FNDA:2,(anonymous_3)
FNDA:1,(anonymous_4)
FNDA:0,(anonymous_5)
DA:11,6
DA:12,6
DA:13,6
DA:14,6
DA:15,6
DA:16,6
DA:18,6
DA:19,2
DA:20,0
DA:21,0
DA:22,0
DA:24,2
DA:27,1
DA:28,2
DA:31,6
DA:32,1
DA:33,1
DA:34,1
DA:35,1
DA:36,1
DA:38,0
DA:42,6
DA:43,2
DA:49,4
DA:50,1
DA:59,3
DA:61,3
DA:103,0
LF:28
LH:23
BRDA:19,0,0,0
BRDA:19,0,1,2
BRDA:19,1,0,2
BRDA:19,1,1,2
BRDA:32,2,0,0
BRDA:32,2,1,1
BRDA:32,3,0,1
BRDA:32,3,1,1
BRDA:38,4,0,0
BRDA:38,4,1,0
BRDA:42,5,0,2
BRDA:42,5,1,4
BRDA:49,6,0,1
BRDA:49,6,1,3
BRDA:80,7,0,3
BRDA:80,7,1,0
BRDA:85,8,0,6
BRDA:85,8,1,3
BRDA:92,9,0,6
BRDA:92,9,1,3
BRDA:92,9,2,3
BRDA:103,10,0,0
BRDA:103,10,1,0
BRDA:110,11,0,3
BRDA:110,11,1,1
BRDA:111,12,0,1
BRDA:111,12,1,0
BRDA:117,13,0,6
BRDA:117,13,1,0
BRF:29
BRH:20
end_of_record
TN:
SF:src\pages\Register.tsx
FN:5,Register
FN:14,(anonymous_1)
FN:41,(anonymous_2)
FN:54,(anonymous_3)
FN:66,(anonymous_4)
FNF:5
FNH:5
FNDA:13,Register
FNDA:2,(anonymous_1)
FNDA:2,(anonymous_2)
FNDA:2,(anonymous_3)
FNDA:2,(anonymous_4)
DA:6,13
DA:7,13
DA:8,13
DA:9,13
DA:10,13
DA:11,13
DA:12,13
DA:14,13
DA:15,2
DA:16,2
DA:17,2
DA:18,2
DA:19,2
DA:20,1
DA:22,1
DA:24,2
DA:28,13
DA:41,2
DA:54,2
DA:66,2
LF:20
LH:20
BRDA:22,0,0,1
BRDA:22,0,1,0
BRDA:73,1,0,13
BRDA:73,1,1,1
BRDA:75,2,0,2
BRDA:75,2,1,11
BRDA:76,3,0,2
BRDA:76,3,1,11
BRF:8
BRH:7
end_of_record
TN:
SF:src\pages\admin\AdminCategories.tsx
FN:11,AdminCategories
FN:21,(anonymous_1)
FN:26,(anonymous_2)
FN:30,(anonymous_3)
FN:34,(anonymous_4)
FN:38,(anonymous_5)
FN:45,(anonymous_6)
FN:49,(anonymous_7)
FN:53,(anonymous_8)
FN:57,(anonymous_9)
FN:64,(anonymous_10)
FN:71,(anonymous_11)
FN:74,(anonymous_12)
FN:77,(anonymous_13)
FN:110,(anonymous_14)
FN:116,(anonymous_15)
FN:126,(anonymous_16)
FN:147,(anonymous_17)
FN:165,(anonymous_18)
FNF:19
FNH:9
FNDA:10,AdminCategories
FNDA:2,(anonymous_1)
FNDA:1,(anonymous_2)
FNDA:1,(anonymous_3)
FNDA:1,(anonymous_4)
FNDA:0,(anonymous_5)
FNDA:0,(anonymous_6)
FNDA:0,(anonymous_7)
FNDA:0,(anonymous_8)
FNDA:1,(anonymous_9)
FNDA:0,(anonymous_10)
FNDA:0,(anonymous_11)
FNDA:0,(anonymous_12)
FNDA:0,(anonymous_13)
FNDA:8,(anonymous_14)
FNDA:0,(anonymous_15)
FNDA:0,(anonymous_16)
FNDA:1,(anonymous_17)
FNDA:1,(anonymous_18)
DA:12,10
DA:13,10
DA:14,10
DA:15,10
DA:16,10
DA:17,10
DA:18,10
DA:19,10
DA:21,2
DA:24,10
DA:26,10
DA:27,1
DA:28,1
DA:29,1
DA:30,1
DA:31,1
DA:32,1
DA:33,1
DA:34,1
DA:38,10
DA:39,0
DA:40,0
DA:41,0
DA:42,0
DA:45,10
DA:46,0
DA:47,0
DA:48,0
DA:49,0
DA:50,0
DA:51,0
DA:52,0
DA:53,0
DA:57,10
DA:58,1
DA:59,1
DA:60,1
DA:61,1
DA:64,10
DA:65,0
DA:66,0
DA:67,0
DA:68,0
DA:71,10
DA:72,0
DA:73,0
DA:74,0
DA:75,0
DA:76,0
DA:77,0
DA:81,10
DA:83,10
DA:111,8
DA:116,0
DA:126,0
DA:148,1
DA:165,1
LF:57
LH:33
BRDA:27,0,0,0
BRDA:27,0,1,1
BRDA:31,1,0,1
BRDA:31,1,1,0
BRDA:46,2,0,0
BRDA:46,2,1,0
BRDA:46,3,0,0
BRDA:46,3,1,0
BRDA:50,4,0,0
BRDA:50,4,1,0
BRDA:72,5,0,0
BRDA:72,5,1,0
BRDA:75,6,0,0
BRDA:75,6,1,0
BRDA:81,7,0,10
BRDA:81,7,1,9
BRDA:86,8,0,10
BRDA:86,8,1,0
BRDA:87,9,0,10
BRDA:87,9,1,3
BRDA:95,10,0,1
BRDA:95,10,1,8
BRDA:97,11,0,0
BRDA:97,11,1,8
BRDA:140,12,0,0
BRDA:140,12,1,9
BRDA:146,13,0,0
BRDA:146,13,1,9
BRDA:148,14,0,0
BRDA:148,14,1,1
BRDA:157,15,0,0
BRDA:157,15,1,9
BRF:32
BRH:14
end_of_record
TN:
SF:src\pages\admin\AdminOrders.tsx
FN:11,AdminOrders
FN:16,(anonymous_1)
FN:21,(anonymous_2)
FN:24,(anonymous_3)
FN:27,(anonymous_4)
FN:63,(anonymous_5)
FN:78,(anonymous_6)
FN:85,(anonymous_7)
FNF:8
FNH:7
FNDA:8,AdminOrders
FNDA:2,(anonymous_1)
FNDA:1,(anonymous_2)
FNDA:1,(anonymous_3)
FNDA:1,(anonymous_4)
FNDA:7,(anonymous_5)
FNDA:1,(anonymous_6)
FNDA:0,(anonymous_7)
DA:12,8
DA:13,8
DA:14,8
DA:16,2
DA:19,8
DA:21,8
DA:22,1
DA:23,1
DA:24,1
DA:25,1
DA:26,1
DA:27,1
DA:31,8
DA:33,8
DA:34,1
DA:41,7
DA:64,7
DA:78,1
DA:85,0
LF:19
LH:18
BRDA:25,0,0,1
BRDA:25,0,1,0
BRDA:26,1,0,1
BRDA:26,1,1,0
BRDA:31,2,0,8
BRDA:31,2,1,8
BRDA:33,3,0,1
BRDA:33,3,1,7
BRDA:44,4,0,7
BRDA:44,4,1,0
BRDA:45,5,0,8
BRDA:45,5,1,4
BRDA:47,6,0,0
BRDA:47,6,1,7
BRDA:73,7,0,7
BRDA:73,7,1,4
BRDA:91,8,0,7
BRDA:91,8,1,3
BRF:18
BRH:14
end_of_record
TN:
SF:src\pages\admin\AdminProducts.tsx
FN:10,AdminProducts
FN:20,(anonymous_1)
FN:22,(anonymous_2)
FN:26,(anonymous_3)
FN:35,(anonymous_4)
FN:47,(anonymous_5)
FN:55,(anonymous_6)
FN:59,(anonymous_7)
FN:62,(anonymous_8)
FN:65,(anonymous_9)
FN:69,(anonymous_10)
FN:75,(anonymous_11)
FN:81,(anonymous_12)
FN:118,(anonymous_13)
FN:126,(anonymous_14)
FN:127,(anonymous_15)
FN:136,(anonymous_16)
FN:136,(anonymous_17)
FN:138,(anonymous_18)
FN:138,(anonymous_19)
FN:154,(anonymous_20)
FN:154,(anonymous_21)
FN:164,(anonymous_22)
FN:164,(anonymous_23)
FN:173,(anonymous_24)
FN:173,(anonymous_25)
FN:182,(anonymous_26)
FN:183,(anonymous_27)
FN:190,(anonymous_28)
FN:205,(anonymous_29)
FN:206,(anonymous_30)
FN:220,(anonymous_31)
FN:221,(anonymous_32)
FNF:33
FNH:16
FNDA:12,AdminProducts
FNDA:1,(anonymous_1)
FNDA:0,(anonymous_2)
FNDA:2,(anonymous_3)
FNDA:1,(anonymous_4)
FNDA:1,(anonymous_5)
FNDA:1,(anonymous_6)
FNDA:0,(anonymous_7)
FNDA:0,(anonymous_8)
FNDA:0,(anonymous_9)
FNDA:0,(anonymous_10)
FNDA:1,(anonymous_11)
FNDA:1,(anonymous_12)
FNDA:10,(anonymous_13)
FNDA:0,(anonymous_14)
FNDA:0,(anonymous_15)
FNDA:0,(anonymous_16)
FNDA:0,(anonymous_17)
FNDA:0,(anonymous_18)
FNDA:0,(anonymous_19)
FNDA:0,(anonymous_20)
FNDA:0,(anonymous_21)
FNDA:1,(anonymous_22)
FNDA:1,(anonymous_23)
FNDA:0,(anonymous_24)
FNDA:0,(anonymous_25)
FNDA:0,(anonymous_26)
FNDA:0,(anonymous_27)
FNDA:10,(anonymous_28)
FNDA:1,(anonymous_29)
FNDA:1,(anonymous_30)
FNDA:1,(anonymous_31)
FNDA:1,(anonymous_32)
DA:11,12
DA:12,12
DA:13,12
DA:14,12
DA:15,12
DA:16,12
DA:17,12
DA:18,12
DA:20,1
DA:22,0
DA:24,12
DA:27,2
DA:28,2
DA:32,12
DA:33,12
DA:35,12
DA:36,1
DA:37,1
DA:38,1
DA:39,1
DA:47,1
DA:48,1
DA:52,1
DA:53,1
DA:54,1
DA:55,1
DA:59,12
DA:60,0
DA:61,0
DA:62,0
DA:63,0
DA:64,0
DA:65,0
DA:69,12
DA:70,0
DA:71,0
DA:72,0
DA:75,12
DA:76,1
DA:77,1
DA:78,1
DA:81,12
DA:82,1
DA:83,1
DA:84,1
DA:87,12
DA:89,12
DA:119,10
DA:126,0
DA:127,0
DA:136,0
DA:138,0
DA:154,0
DA:164,1
DA:173,0
DA:183,0
DA:191,10
DA:206,1
DA:221,1
LF:59
LH:42
BRDA:36,0,0,0
BRDA:36,0,1,1
BRDA:41,1,0,1
BRDA:41,1,1,1
BRDA:42,2,0,1
BRDA:42,2,1,1
BRDA:44,3,0,1
BRDA:44,3,1,0
BRDA:45,4,0,1
BRDA:45,4,1,0
BRDA:48,5,0,0
BRDA:48,5,1,1
BRDA:52,6,0,1
BRDA:52,6,1,0
BRDA:53,7,0,0
BRDA:53,7,1,1
BRDA:60,8,0,0
BRDA:60,8,1,0
BRDA:63,9,0,0
BRDA:63,9,1,0
BRDA:71,10,0,0
BRDA:71,10,1,0
BRDA:71,11,0,0
BRDA:71,11,1,0
BRDA:71,12,0,0
BRDA:71,12,1,0
BRDA:87,13,0,12
BRDA:87,13,1,11
BRDA:92,14,0,12
BRDA:92,14,1,0
BRDA:93,15,0,12
BRDA:93,15,1,3
BRDA:101,16,0,1
BRDA:101,16,1,10
BRDA:103,17,0,10
BRDA:103,17,1,10
BRDA:122,18,0,10
BRDA:122,18,1,0
BRDA:134,19,0,10
BRDA:134,19,1,0
BRDA:146,20,0,0
BRDA:146,20,1,11
BRDA:185,21,0,0
BRDA:185,21,1,0
BRDA:204,22,0,12
BRDA:204,22,1,7
BRDA:208,23,0,1
BRDA:208,23,1,0
BRDA:219,24,0,12
BRDA:219,24,1,8
BRDA:223,25,0,1
BRDA:223,25,1,0
BRF:52
BRH:28
end_of_record
TN:
SF:src\routes\AppRoutes.tsx
FN:11,AppRoutes
FNF:1
FNH:1
FNDA:2,AppRoutes
DA:12,2
LF:1
LH:1
BRF:0
BRH:0
end_of_record
TN:
SF:src\routes\PrivateRoute.tsx
FN:10,PrivateRoute
FNF:1
FNH:1
FNDA:1,PrivateRoute
DA:11,1
DA:12,1
DA:14,1
DA:15,1
DA:17,0
DA:18,0
DA:21,0
LF:7
LH:4
BRDA:10,0,0,1
BRDA:14,1,0,1
BRDA:14,1,1,0
BRDA:17,2,0,0
BRDA:17,2,1,0
BRDA:17,3,0,0
BRDA:17,3,1,0
BRF:7
BRH:2
end_of_record
TN:
SF:src\test\utils.tsx
FN:13,renderWithRouter
FN:17,renderWithRoute
FNF:2
FNH:2
FNDA:1,renderWithRouter
FNDA:6,renderWithRoute
DA:14,1
DA:18,6
DA:19,6
LF:3
LH:3
BRDA:13,0,0,1
BRDA:18,1,0,6
BRF:2
BRH:2
end_of_record
